@storybook/cli v7.6.17

info => Cleaning outputDir: /var/folders/jw/g2b8p1mn3p58dp0kj2_5scvh0000gp/T/chromatic--81847-gUOBipiCW66M
info => Loading presets
info => Building manager..
info => Manager built (647 ms)
info => Building preview..
info => Copying static files: /Users/roberts/Documents/source_new/terra-ui/.yarn/cache/@storybook-manager-npm-7.6.17-f93e79b2e0-f961367cab.zip/node_modules/@storybook/manager/static at /var/folders/jw/g2b8p1mn3p58dp0kj2_5scvh0000gp/T/chromatic--81847-gUOBipiCW66M/sb-common-assets
WARN No story files found for the specified pattern: src/**/*.mdx
vite v4.5.2 building for production...
transforming...
✓ 828 modules transformed.
rendering chunks...
computing gzip size...
../../../../../var/folders/jw/g2b8p1mn3p58dp0kj2_5scvh0000gp/T/chromatic--81847-gUOBipiCW66M/assets/logo-7c72d2be.svg                             2.11 kB │ gzip:   0.95 kB
../../../../../var/folders/jw/g2b8p1mn3p58dp0kj2_5scvh0000gp/T/chromatic--81847-gUOBipiCW66M/assets/logo-wShadow-4295c8dd.svg                     2.21 kB │ gzip:   0.98 kB
../../../../../var/folders/jw/g2b8p1mn3p58dp0kj2_5scvh0000gp/T/chromatic--81847-gUOBipiCW66M/assets/logo-grey-96312a4e.svg                        2.51 kB │ gzip:   1.04 kB
../../../../../var/folders/jw/g2b8p1mn3p58dp0kj2_5scvh0000gp/T/chromatic--81847-gUOBipiCW66M/assets/ANVIL-Logo-8730bee6.svg                       3.69 kB │ gzip:   1.59 kB
../../../../../var/folders/jw/g2b8p1mn3p58dp0kj2_5scvh0000gp/T/chromatic--81847-gUOBipiCW66M/assets/ANVIL-Logo-White-663ca4dc.svg                 4.57 kB │ gzip:   1.90 kB
../../../../../var/folders/jw/g2b8p1mn3p58dp0kj2_5scvh0000gp/T/chromatic--81847-gUOBipiCW66M/assets/Terra-PHG-Color-426562e5.svg                  4.77 kB │ gzip:   1.92 kB
../../../../../var/folders/jw/g2b8p1mn3p58dp0kj2_5scvh0000gp/T/chromatic--81847-gUOBipiCW66M/assets/Terra-PHG-White-417276a9.svg                  5.00 kB │ gzip:   2.00 kB
../../../../../var/folders/jw/g2b8p1mn3p58dp0kj2_5scvh0000gp/T/chromatic--81847-gUOBipiCW66M/assets/analytixin-logo-color-3de802d3.svg            5.24 kB │ gzip:   1.94 kB
../../../../../var/folders/jw/g2b8p1mn3p58dp0kj2_5scvh0000gp/T/chromatic--81847-gUOBipiCW66M/assets/DataSTAGE-Logo-4e468909.svg                   5.29 kB │ gzip:   2.15 kB
../../../../../var/folders/jw/g2b8p1mn3p58dp0kj2_5scvh0000gp/T/chromatic--81847-gUOBipiCW66M/assets/analytixin-logo-white-d016ea99.svg            5.44 kB │ gzip:   2.02 kB
../../../../../var/folders/jw/g2b8p1mn3p58dp0kj2_5scvh0000gp/T/chromatic--81847-gUOBipiCW66M/assets/DataSTAGE-Logo-White-3b22fede.svg             5.48 kB │ gzip:   2.10 kB
../../../../../var/folders/jw/g2b8p1mn3p58dp0kj2_5scvh0000gp/T/chromatic--81847-gUOBipiCW66M/assets/baseline-logo-white-cda7607d.svg              6.16 kB │ gzip:   2.45 kB
../../../../../var/folders/jw/g2b8p1mn3p58dp0kj2_5scvh0000gp/T/chromatic--81847-gUOBipiCW66M/assets/baseline-logo-color-4c844c1c.svg              6.33 kB │ gzip:   2.57 kB
../../../../../var/folders/jw/g2b8p1mn3p58dp0kj2_5scvh0000gp/T/chromatic--81847-gUOBipiCW66M/assets/FireCloud-Logo-70319f2d.svg                   6.70 kB │ gzip:   2.43 kB
../../../../../var/folders/jw/g2b8p1mn3p58dp0kj2_5scvh0000gp/T/chromatic--81847-gUOBipiCW66M/assets/FireCloud-Logo-White-12152cac.svg             6.89 kB │ gzip:   2.43 kB
../../../../../var/folders/jw/g2b8p1mn3p58dp0kj2_5scvh0000gp/T/chromatic--81847-gUOBipiCW66M/assets/elwazi-logo-color-0470e0b0.svg               12.65 kB │ gzip:   4.01 kB
../../../../../var/folders/jw/g2b8p1mn3p58dp0kj2_5scvh0000gp/T/chromatic--81847-gUOBipiCW66M/assets/elwazi-logo-white-ecbce180.svg               12.87 kB │ gzip:   4.23 kB
../../../../../var/folders/jw/g2b8p1mn3p58dp0kj2_5scvh0000gp/T/chromatic--81847-gUOBipiCW66M/iframe.html                                         12.97 kB │ gzip:   3.65 kB
../../../../../var/folders/jw/g2b8p1mn3p58dp0kj2_5scvh0000gp/T/chromatic--81847-gUOBipiCW66M/assets/project-singular-logo-black-17b6e76d.svg     16.18 kB │ gzip:   5.93 kB
../../../../../var/folders/jw/g2b8p1mn3p58dp0kj2_5scvh0000gp/T/chromatic--81847-gUOBipiCW66M/assets/project-singular-logo-white-e80185ac.svg     16.24 kB │ gzip:   5.98 kB
../../../../../var/folders/jw/g2b8p1mn3p58dp0kj2_5scvh0000gp/T/chromatic--81847-gUOBipiCW66M/assets/bioDataCatalyst-Logo-white-cbe8fd5e.svg      17.29 kB │ gzip:   5.66 kB
../../../../../var/folders/jw/g2b8p1mn3p58dp0kj2_5scvh0000gp/T/chromatic--81847-gUOBipiCW66M/assets/bioDataCatalyst-Logo-color-da4f3b09.svg      17.57 kB │ gzip:   5.71 kB
../../../../../var/folders/jw/g2b8p1mn3p58dp0kj2_5scvh0000gp/T/chromatic--81847-gUOBipiCW66M/assets/rarex-logo-color-987c2bd5.svg               117.74 kB │ gzip:  13.14 kB
../../../../../var/folders/jw/g2b8p1mn3p58dp0kj2_5scvh0000gp/T/chromatic--81847-gUOBipiCW66M/assets/rarex-logo-white-df9ca39f.svg               121.59 kB │ gzip:  12.57 kB
../../../../../var/folders/jw/g2b8p1mn3p58dp0kj2_5scvh0000gp/T/chromatic--81847-gUOBipiCW66M/assets/Terra-PHG-background-7ea50fbb.png         1,277.79 kB
../../../../../var/folders/jw/g2b8p1mn3p58dp0kj2_5scvh0000gp/T/chromatic--81847-gUOBipiCW66M/assets/WithTooltip-V3YHNWJZ-da0b516b.js              0.46 kB │ gzip:   0.27 kB
../../../../../var/folders/jw/g2b8p1mn3p58dp0kj2_5scvh0000gp/T/chromatic--81847-gUOBipiCW66M/assets/syntaxhighlighter-B5GMVT5T-816840ac.js        0.47 kB │ gzip:   0.29 kB
../../../../../var/folders/jw/g2b8p1mn3p58dp0kj2_5scvh0000gp/T/chromatic--81847-gUOBipiCW66M/assets/inheritsLoose-25350896.js                     0.47 kB │ gzip:   0.27 kB
../../../../../var/folders/jw/g2b8p1mn3p58dp0kj2_5scvh0000gp/T/chromatic--81847-gUOBipiCW66M/assets/preview-55465d4b.js                           0.52 kB │ gzip:   0.33 kB
../../../../../var/folders/jw/g2b8p1mn3p58dp0kj2_5scvh0000gp/T/chromatic--81847-gUOBipiCW66M/assets/react-18-988a5df2.js                          0.55 kB │ gzip:   0.34 kB
../../../../../var/folders/jw/g2b8p1mn3p58dp0kj2_5scvh0000gp/T/chromatic--81847-gUOBipiCW66M/assets/index-3fd0d1ea.js                             0.58 kB │ gzip:   0.35 kB
../../../../../var/folders/jw/g2b8p1mn3p58dp0kj2_5scvh0000gp/T/chromatic--81847-gUOBipiCW66M/assets/preview-73104b77.js                           0.64 kB │ gzip:   0.44 kB
../../../../../var/folders/jw/g2b8p1mn3p58dp0kj2_5scvh0000gp/T/chromatic--81847-gUOBipiCW66M/assets/_commonjsHelpers-de833af9.js                  0.69 kB │ gzip:   0.38 kB
../../../../../var/folders/jw/g2b8p1mn3p58dp0kj2_5scvh0000gp/T/chromatic--81847-gUOBipiCW66M/assets/index-356e4a49.js                             0.77 kB │ gzip:   0.47 kB
../../../../../var/folders/jw/g2b8p1mn3p58dp0kj2_5scvh0000gp/T/chromatic--81847-gUOBipiCW66M/assets/index-9d475cdf.js                             0.81 kB │ gzip:   0.52 kB
../../../../../var/folders/jw/g2b8p1mn3p58dp0kj2_5scvh0000gp/T/chromatic--81847-gUOBipiCW66M/assets/preview-0ef86afd.js                           0.86 kB │ gzip:   0.55 kB
../../../../../var/folders/jw/g2b8p1mn3p58dp0kj2_5scvh0000gp/T/chromatic--81847-gUOBipiCW66M/assets/entry-preview-1f5c28fc.js                     1.15 kB │ gzip:   0.67 kB
../../../../../var/folders/jw/g2b8p1mn3p58dp0kj2_5scvh0000gp/T/chromatic--81847-gUOBipiCW66M/assets/buttons-bb7adc90.js                           1.21 kB │ gzip:   0.55 kB
../../../../../var/folders/jw/g2b8p1mn3p58dp0kj2_5scvh0000gp/T/chromatic--81847-gUOBipiCW66M/assets/ButtonOutline.stories-27fb51c8.js             1.33 kB │ gzip:   0.65 kB
../../../../../var/folders/jw/g2b8p1mn3p58dp0kj2_5scvh0000gp/T/chromatic--81847-gUOBipiCW66M/assets/ButtonSecondary.stories-e13b921c.js           1.33 kB │ gzip:   0.65 kB
../../../../../var/folders/jw/g2b8p1mn3p58dp0kj2_5scvh0000gp/T/chromatic--81847-gUOBipiCW66M/assets/ButtonPrimary.stories-d7adc149.js             1.46 kB │ gzip:   0.69 kB
../../../../../var/folders/jw/g2b8p1mn3p58dp0kj2_5scvh0000gp/T/chromatic--81847-gUOBipiCW66M/assets/index-11d98b33.js                             2.59 kB │ gzip:   1.26 kB
../../../../../var/folders/jw/g2b8p1mn3p58dp0kj2_5scvh0000gp/T/chromatic--81847-gUOBipiCW66M/assets/preview-30b54f76.js                           3.21 kB │ gzip:   1.37 kB
../../../../../var/folders/jw/g2b8p1mn3p58dp0kj2_5scvh0000gp/T/chromatic--81847-gUOBipiCW66M/assets/iframe-fdaeea1c.js                            4.96 kB │ gzip:   1.66 kB
../../../../../var/folders/jw/g2b8p1mn3p58dp0kj2_5scvh0000gp/T/chromatic--81847-gUOBipiCW66M/assets/preview-d01b88e8.js                           5.23 kB │ gzip:   2.39 kB
../../../../../var/folders/jw/g2b8p1mn3p58dp0kj2_5scvh0000gp/T/chromatic--81847-gUOBipiCW66M/assets/index-76fb7be0.js                             7.16 kB │ gzip:   2.91 kB
../../../../../var/folders/jw/g2b8p1mn3p58dp0kj2_5scvh0000gp/T/chromatic--81847-gUOBipiCW66M/assets/preview-da31036b.js                           7.62 kB │ gzip:   1.56 kB
../../../../../var/folders/jw/g2b8p1mn3p58dp0kj2_5scvh0000gp/T/chromatic--81847-gUOBipiCW66M/assets/preview-c56bf6ac.js                           8.28 kB │ gzip:   3.16 kB
../../../../../var/folders/jw/g2b8p1mn3p58dp0kj2_5scvh0000gp/T/chromatic--81847-gUOBipiCW66M/assets/preview-4c515e59.js                           9.89 kB │ gzip:   2.77 kB
../../../../../var/folders/jw/g2b8p1mn3p58dp0kj2_5scvh0000gp/T/chromatic--81847-gUOBipiCW66M/assets/index-a431868f.js                            13.52 kB │ gzip:   5.05 kB
../../../../../var/folders/jw/g2b8p1mn3p58dp0kj2_5scvh0000gp/T/chromatic--81847-gUOBipiCW66M/assets/Color-6VNJS4EI-1037ff0f.js                   17.62 kB │ gzip:   6.74 kB
../../../../../var/folders/jw/g2b8p1mn3p58dp0kj2_5scvh0000gp/T/chromatic--81847-gUOBipiCW66M/assets/preview-2d30111f.js                          72.16 kB │ gzip:  24.38 kB
../../../../../var/folders/jw/g2b8p1mn3p58dp0kj2_5scvh0000gp/T/chromatic--81847-gUOBipiCW66M/assets/_getPrototype-1e53b583.js                    78.40 kB │ gzip:  23.40 kB
../../../../../var/folders/jw/g2b8p1mn3p58dp0kj2_5scvh0000gp/T/chromatic--81847-gUOBipiCW66M/assets/index-d3ea75b5.js                           134.07 kB │ gzip:  43.20 kB
../../../../../var/folders/jw/g2b8p1mn3p58dp0kj2_5scvh0000gp/T/chromatic--81847-gUOBipiCW66M/assets/entry-preview-docs-70a7bd42.js              212.43 kB │ gzip:  65.85 kB
../../../../../var/folders/jw/g2b8p1mn3p58dp0kj2_5scvh0000gp/T/chromatic--81847-gUOBipiCW66M/assets/index-ed1bba95.js                           246.35 kB │ gzip:  84.29 kB
../../../../../var/folders/jw/g2b8p1mn3p58dp0kj2_5scvh0000gp/T/chromatic--81847-gUOBipiCW66M/assets/DocsRenderer-NNNQARDV-bd8cc9f7.js           538.94 kB │ gzip: 175.56 kB
../../../../../var/folders/jw/g2b8p1mn3p58dp0kj2_5scvh0000gp/T/chromatic--81847-gUOBipiCW66M/assets/formatter-SWP5E3XI-3214fb9e.js              601.65 kB │ gzip: 185.04 kB
✓ built in 11.21s
info => Preview built (12 s)
info => Output directory: /var/folders/jw/g2b8p1mn3p58dp0kj2_5scvh0000gp/T/chromatic--81847-gUOBipiCW66M
